<?xml version="1.0" encoding="UTF-8"?>
<testsuite xmlns:xsi="http://www.w3.org/2001/XMLSchema-instance" xsi:noNamespaceSchemaLocation="https://maven.apache.org/surefire/maven-surefire-plugin/xsd/surefire-test-report.xsd" name="peoples.CalculationTest" time="0.012" tests="8" errors="0" skipped="0" failures="0">
  <properties>
[...]
</properties>
  <testcase name="calc_n" classname="peoples.CalculationTest" time="0.002"/>
  <testcase name="calc_n2" classname="peoples.CalculationTest" time="0"/>
  <testcase name="calc_n3" classname="peoples.CalculationTest" time="0.001"/>
  <testcase name="calc_n4" classname="peoples.CalculationTest" time="0"/>
  <testcase name="calc_n5" classname="peoples.CalculationTest" time="0"/>
  <testcase name="calc_n6" classname="peoples.CalculationTest" time="0"/>
  <testcase name="calc_n7" classname="peoples.CalculationTest" time="0.001"/>
  <testcase name="calc_n8" classname="peoples.CalculationTest" time="0"/>
</testsuite>